Arguments: 
  /Users/chankya/.nvm/versions/node/v10.13.0/bin/node /Users/chankya/.nvm/versions/node/v10.13.0/bin/yarn

PATH: 
  /Users/chankya/.nvm/versions/node/v10.13.0/bin:/usr/local/bin:/usr/bin:/bin:/usr/sbin:/sbin

Yarn version: 
  1.19.0

Node version: 
  10.13.0

Platform: 
  darwin x64

Trace: 
  SyntaxError: /Users/chankya/Desktop/lliad/package.json: Unexpected token < in JSON at position 124
      at JSON.parse (<anonymous>)
      at /Users/chankya/.nvm/versions/node/v10.13.0/lib/node_modules/yarn/lib/cli.js:1625:59
      at Generator.next (<anonymous>)
      at step (/Users/chankya/.nvm/versions/node/v10.13.0/lib/node_modules/yarn/lib/cli.js:304:30)
      at /Users/chankya/.nvm/versions/node/v10.13.0/lib/node_modules/yarn/lib/cli.js:315:13

npm manifest: 
  {
    "name": "lliad",
    "version": "1.0.0",
    "description": "Electron lliad app",
    "main": "./src/main.js",
    "scripts": {
  <<<<<<< Updated upstream
      "build": "concurrently \"yarn build-main\" \"yarn build-renderer\"",
      "build-main": "cross-env NODE_ENV=production webpack --config ./configs/webpack.config.main.babel.js --colors",
      "build-renderer": "cross-env NODE_ENV=production webpack --config ./configs/webpack.config.renderer.babel.js --colors",
      "package": "yarn build && electron-builder build --publish never",
      "package-all": "yarn build && electron-builder build -mwl",
      "package-ci": "yarn postinstall && yarn build && electron-builder --publish always",
      "package-win": "yarn build && electron-builder build --win --x64",
      "postinstall": "electron-builder install-app-deps package.json && opencollective-postinstall",
      "start": "cross-env NODE_ENV=production electron ./src/main.js"
  =======
      "start": "./node_modules/.bin/gulp & webpack-dev-server",
      "electron": "electron ."
  >>>>>>> Stashed changes
    },
    "build": {
      "productName": "ElectronReact",
      "appId": "org.develar.ElectronReact",
      "files": [
        "src/dist/",
        "src/index.html",
        "src/main.js",
        "src/main.js.map",
        "package.json"
      ],
      "dmg": {
        "contents": [
          {
            "x": 130,
            "y": 220
          },
          {
            "x": 410,
            "y": 220,
            "type": "link",
            "path": "/Applications"
          }
        ]
      },
      "win": {
        "target": [
          "nsis",
          "msi"
        ]
      },
      "linux": {
        "target": [
          "deb",
          "rpm",
          "snap",
          "AppImage"
        ],
        "category": "Development"
      },
      "directories": {
        "buildResources": "resources",
        "output": "release"
      }
    },
    "license": "MIT",
    "keywords": [
      "electron",
      "react",
      "sass",
      "webpack",
      "hot",
      "reload"
    ],
    "devDependencies": {
  <<<<<<< Updated upstream
      "@babel/plugin-proposal-class-properties": "^7.4.0",
      "@babel/plugin-proposal-decorators": "^7.4.0",
      "@babel/plugin-proposal-do-expressions": "^7.2.0",
      "@babel/plugin-proposal-export-default-from": "^7.2.0",
      "@babel/plugin-proposal-export-namespace-from": "^7.2.0",
      "@babel/plugin-proposal-function-bind": "^7.2.0",
      "@babel/plugin-proposal-function-sent": "^7.2.0",
      "@babel/plugin-proposal-json-strings": "^7.2.0",
      "@babel/plugin-proposal-logical-assignment-operators": "^7.2.0",
      "@babel/plugin-proposal-nullish-coalescing-operator": "^7.2.0",
      "@babel/plugin-proposal-numeric-separator": "^7.2.0",
      "@babel/plugin-proposal-optional-chaining": "^7.2.0",
      "@babel/plugin-proposal-pipeline-operator": "^7.3.2",
      "@babel/plugin-proposal-throw-expressions": "^7.2.0",
      "@babel/plugin-syntax-dynamic-import": "^7.2.0",
      "@babel/plugin-syntax-import-meta": "^7.2.0",
      "@babel/plugin-transform-react-constant-elements": "^7.2.0",
      "@babel/plugin-transform-react-inline-elements": "^7.2.0",
      "@babel/preset-env": "^7.4.2",
      "@babel/preset-react": "^7.0.0",
      "@babel/register": "^7.4.0",
      "babel-core": "7.0.0-bridge.0",
      "babel-loader": "^8.0.5",
      "babel-plugin-dev-expression": "^0.2.1",
      "babel-plugin-transform-react-remove-prop-types": "^0.4.24",
      "chalk": "^2.4.2",
      "concurrently": "^4.1.0",
      "cross-env": "^5.2.0",
      "cross-spawn": "^6.0.5",
      "css-loader": "^2.1.1",
      "detect-port": "^1.3.0",
      "electron": "^4.1.3",
      "electron-builder": "^20.39.0",
      "electron-devtools-installer": "^2.2.4",
      "enzyme": "^3.9.0",
      "enzyme-adapter-react-16": "^1.11.2",
      "enzyme-to-json": "^3.3.5",
      "fbjs-scripts": "^1.2.0",
      "file-loader": "^3.0.1",
      "identity-obj-proxy": "^3.0.0",
      "mini-css-extract-plugin": "^0.5.0",
      "node-sass": "^4.11.0",
      "opencollective-postinstall": "^2.0.2",
      "optimize-css-assets-webpack-plugin": "^5.0.1",
      "rimraf": "^2.6.3",
      "sass-loader": "^7.1.0",
      "spectron": "^5.0.0",
      "style-loader": "^0.23.1",
      "terser-webpack-plugin": "^1.2.3",
      "url-loader": "^1.1.2",
      "webpack": "^4.29.6",
      "webpack-bundle-analyzer": "^3.1.0",
      "webpack-cli": "^3.3.0",
      "webpack-dev-server": "^3.2.1",
      "webpack-merge": "^4.2.1",
      "yarn": "^1.15.2"
    },
    "dependencies": {
      "@fortawesome/fontawesome-free": "^5.8.1",
      "@hot-loader/react-dom": "^16.8.6",
      "connected-react-router": "^6.3.2",
      "core-js": "2",
      "devtron": "^1.4.0",
      "electron-debug": "^2.1.0",
      "electron-log": "^3.0.4",
      "electron-updater": "^4.0.6",
      "history": "^4.9.0",
      "react-hot-loader": "^4.8.2",
      "source-map-support": "^0.5.11",
  =======
      "css-loader": "^3.2.0",
      "electron": "^6.0.10",
      "style-loader": "^1.0.0",
      "serve": "^11.0.2",
      "gulp": "^4.0.0",
      "gulp-concat": "^2.6.1",
      "gulp-load-plugins": "^1.5.0",
      "gulp-shell": "^0.6.5",
      "gulp-yaml": "^2.0.2",
      "stubby": "^4.0.0"
    },
    "dependencies": {
      "axios": "^0.19.0",
      "babel-core": "^6.24.0",
      "babel-loader": "^6.4.1",
      "babel-preset-es2015": "^6.24.0",
      "babel-preset-react": "^6.23.0",
      "babel-preset-stage-1": "^6.22.0",
  >>>>>>> Stashed changes
      "bootstrap": "^4.3.1",
      "react": "^16.10.1",
      "react-dom": "^16.10.1",
      "react-router": "^5.1.1",
      "react-router-dom": "^5.1.1"
    }
  }

yarn manifest: 
  No manifest

Lockfile: 
  No lockfile
